<?xml version="1.0" encoding="UTF-8"?>
<testng-results ignored="0" total="3" passed="3" failed="0" skipped="0">
  <reporter-output>
  </reporter-output>
  <suite started-at="2024-06-12T15:15:18 EDT" name="Default suite" finished-at="2024-06-12T15:15:34 EDT" duration-ms="15929">
    <groups>
      <group name="cucumber">
        <method signature="AbstractTestNGCucumberTests.runScenario(io.cucumber.testng.PickleWrapper,io.cucumber.testng.FeatureWrapper)[pri:0, instance:Cucumber2024Automation.runner.TestRunner@7d8704ef]" name="runScenario" class="io.cucumber.testng.AbstractTestNGCucumberTests"/>
      </group> <!-- cucumber -->
    </groups>
    <test started-at="2024-06-12T15:15:18 EDT" name="Default test" finished-at="2024-06-12T15:15:34 EDT" duration-ms="15929">
      <class name="Cucumber2024Automation.runner.TestRunner">
        <test-method is-config="true" signature="setUpClass(org.testng.ITestContext)[pri:0, instance:Cucumber2024Automation.runner.TestRunner@7d8704ef]" started-at="2024-06-12T15:15:18 EDT" name="setUpClass" finished-at="2024-06-12T15:15:19 EDT" duration-ms="166" status="PASS">
          <params>
            <param index="0">
              <value>
                <![CDATA[org.testng.TestRunner@396ef8b2]]>
              </value>
            </param>
          </params>
          <reporter-output>
          </reporter-output>
        </test-method> <!-- setUpClass -->
        <test-method signature="runScenario(io.cucumber.testng.PickleWrapper,io.cucumber.testng.FeatureWrapper)[pri:0, instance:Cucumber2024Automation.runner.TestRunner@7d8704ef]" started-at="2024-06-12T15:15:19 EDT" name="runScenario" description="Runs Cucumber Scenarios" data-provider="scenarios" finished-at="2024-06-12T15:15:26 EDT" duration-ms="7375" status="PASS">
          <params>
            <param index="0">
              <value>
                <![CDATA["Verify product owner is able to login to cucumber application"]]>
              </value>
            </param>
            <param index="1">
              <value>
                <![CDATA["Login Functionality"]]>
              </value>
            </param>
          </params>
          <reporter-output>
          </reporter-output>
        </test-method> <!-- runScenario -->
        <test-method signature="runScenario(io.cucumber.testng.PickleWrapper,io.cucumber.testng.FeatureWrapper)[pri:0, instance:Cucumber2024Automation.runner.TestRunner@7d8704ef]" started-at="2024-06-12T15:15:26 EDT" name="runScenario" description="Runs Cucumber Scenarios" data-provider="scenarios" finished-at="2024-06-12T15:15:30 EDT" duration-ms="4232" status="PASS">
          <params>
            <param index="0">
              <value>
                <![CDATA["Verify product owner can see error messag if wrong credentials entered in the application"]]>
              </value>
            </param>
            <param index="1">
              <value>
                <![CDATA["Login Functionality"]]>
              </value>
            </param>
          </params>
          <reporter-output>
          </reporter-output>
        </test-method> <!-- runScenario -->
        <test-method signature="runScenario(io.cucumber.testng.PickleWrapper,io.cucumber.testng.FeatureWrapper)[pri:0, instance:Cucumber2024Automation.runner.TestRunner@7d8704ef]" started-at="2024-06-12T15:15:30 EDT" name="runScenario" description="Runs Cucumber Scenarios" data-provider="scenarios" finished-at="2024-06-12T15:15:34 EDT" duration-ms="4103" status="PASS">
          <params>
            <param index="0">
              <value>
                <![CDATA["Verify product owner can see error messag if wrong credentials entered in the application"]]>
              </value>
            </param>
            <param index="1">
              <value>
                <![CDATA["Login Functionality"]]>
              </value>
            </param>
          </params>
          <reporter-output>
          </reporter-output>
        </test-method> <!-- runScenario -->
        <test-method is-config="true" signature="tearDownClass()[pri:0, instance:Cucumber2024Automation.runner.TestRunner@7d8704ef]" started-at="2024-06-12T15:15:34 EDT" name="tearDownClass" finished-at="2024-06-12T15:15:34 EDT" duration-ms="2" status="PASS">
          <reporter-output>
          </reporter-output>
        </test-method> <!-- tearDownClass -->
      </class> <!-- Cucumber2024Automation.runner.TestRunner -->
    </test> <!-- Default test -->
  </suite> <!-- Default suite -->
</testng-results>
